TN:
SF:src/app.ts
FNF:0
FNH:0
DA:1,2
DA:2,2
DA:3,2
DA:4,2
DA:5,2
DA:6,2
DA:8,2
DA:10,2
DA:11,2
DA:12,2
DA:15,2
DA:16,2
DA:17,2
DA:19,2
LF:14
LH:14
BRF:0
BRH:0
end_of_record
TN:
SF:src/config/database.ts
FNF:0
FNH:0
DA:1,2
DA:2,2
DA:4,2
DA:6,2
DA:19,2
DA:20,2
DA:22,2
LF:7
LH:7
BRDA:8,0,0,2
BRDA:8,0,1,0
BRF:2
BRH:1
end_of_record
TN:
SF:src/config/index.ts
FNF:0
FNH:0
DA:1,2
DA:2,2
DA:3,2
DA:5,2
DA:6,2
DA:8,2
DA:10,2
DA:11,2
DA:12,0
DA:15,2
DA:26,2
LF:11
LH:10
BRDA:6,0,0,2
BRDA:6,0,1,2
BRDA:11,1,0,0
BRF:3
BRH:2
end_of_record
TN:
SF:src/docs/schemas.ts
FN:1,(anonymous_0)
FNF:1
FNH:1
FNDA:2,(anonymous_0)
DA:1,2
DA:2,2
DA:3,2
DA:4,2
DA:5,2
DA:6,2
DA:9,2
LF:7
LH:7
BRDA:1,0,0,2
BRDA:1,0,1,2
BRF:2
BRH:2
end_of_record
TN:
SF:src/docs/swagger.ts
FNF:0
FNH:0
DA:1,2
DA:2,2
DA:3,2
DA:4,2
DA:37,2
DA:42,2
LF:6
LH:6
BRDA:8,0,0,2
BRDA:8,0,1,0
BRF:2
BRH:1
end_of_record
TN:
SF:src/modules/auth/auth.routes.ts
FN:4,(anonymous_0)
FNF:1
FNH:1
FNDA:1,(anonymous_0)
DA:1,2
DA:2,2
DA:4,2
DA:5,1
DA:8,2
LF:5
LH:5
BRF:0
BRH:0
end_of_record
TN:
SF:src/modules/ping/ping.routes.ts
FN:4,(anonymous_0)
FNF:1
FNH:1
FNDA:1,(anonymous_0)
DA:1,2
DA:2,2
DA:4,2
DA:6,2
LF:4
LH:4
BRF:0
BRH:0
end_of_record
TN:
SF:src/modules/user/user.controller.ts
FN:4,(anonymous_7)
FN:8,(anonymous_8)
FN:17,(anonymous_9)
FN:21,(anonymous_10)
FN:25,(anonymous_11)
FN:29,(anonymous_12)
FNF:6
FNH:0
FNDA:0,(anonymous_7)
FNDA:0,(anonymous_8)
FNDA:0,(anonymous_9)
FNDA:0,(anonymous_10)
FNDA:0,(anonymous_11)
FNDA:0,(anonymous_12)
DA:2,2
DA:4,2
DA:8,0
DA:9,0
DA:10,0
DA:12,0
DA:13,0
DA:17,2
DA:21,0
DA:22,0
DA:25,2
DA:29,0
DA:30,0
DA:31,0
DA:36,0
DA:38,0
DA:40,0
DA:44,2
LF:18
LH:5
BRF:0
BRH:0
end_of_record
TN:
SF:src/modules/user/user.model.ts
FNF:0
FNH:0
DA:1,2
DA:2,2
DA:21,2
DA:40,2
LF:4
LH:4
BRF:0
BRH:0
end_of_record
TN:
SF:src/modules/user/user.routes.ts
FNF:0
FNH:0
DA:1,2
DA:2,2
DA:3,2
DA:5,2
DA:6,2
DA:7,2
DA:10,2
LF:7
LH:7
BRF:0
BRH:0
end_of_record
TN:
SF:src/schemas/config.schemas.ts
FNF:0
FNH:0
DA:1,2
DA:3,2
DA:16,2
LF:3
LH:3
BRF:0
BRH:0
end_of_record
